DROP TABLE
CREATE TABLE
DROP TABLE
CREATE TABLE
COPY 120
INSERT 0 120
INSERT 0 120
INSERT 0 120
INSERT 0 120
INSERT 0 120
INSERT 0 120
INSERT 0 120
INSERT 0 120
INSERT 0 120
INSERT 0 120
INSERT 0 120
INSERT 0 120
INSERT 0 120
INSERT 0 120
INSERT 0 120
INSERT 0 120
INSERT 0 120
INSERT 0 120
INSERT 0 120
INSERT 0 120
INSERT 0 120
UPDATE 2520
DROP TABLE
DROP TABLE
CREATE TABLE
DROP TABLE
CREATE TABLE
COPY 200
INSERT 0 200
INSERT 0 200
INSERT 0 200
INSERT 0 200
INSERT 0 200
INSERT 0 200
INSERT 0 200
INSERT 0 200
INSERT 0 200
INSERT 0 200
INSERT 0 200
INSERT 0 200
INSERT 0 200
INSERT 0 200
INSERT 0 200
INSERT 0 200
INSERT 0 200
INSERT 0 200
INSERT 0 200
INSERT 0 200
INSERT 0 200
UPDATE 4200
DROP TABLE
DROP TABLE
CREATE TABLE
DROP TABLE
CREATE TABLE
COPY 43
INSERT 0 43
INSERT 0 43
INSERT 0 43
INSERT 0 43
INSERT 0 43
INSERT 0 43
INSERT 0 43
INSERT 0 43
INSERT 0 43
INSERT 0 43
INSERT 0 43
INSERT 0 43
INSERT 0 43
INSERT 0 43
INSERT 0 43
INSERT 0 43
INSERT 0 43
INSERT 0 43
INSERT 0 43
INSERT 0 43
INSERT 0 43
UPDATE 903
DROP TABLE
DROP TABLE
CREATE TABLE
DROP TABLE
CREATE TABLE
COPY 20
INSERT 0 20
UPDATE 20
DROP TABLE
DROP TABLE
CREATE TABLE
DROP TABLE
CREATE TABLE
COPY 20
INSERT 0 20
UPDATE 20
DROP TABLE
DROP TABLE
CREATE TABLE
DROP TABLE
CREATE TABLE
COPY 5
INSERT 0 5
INSERT 0 5
INSERT 0 5
INSERT 0 5
INSERT 0 5
INSERT 0 5
INSERT 0 5
INSERT 0 5
INSERT 0 5
INSERT 0 5
INSERT 0 5
INSERT 0 5
INSERT 0 5
INSERT 0 5
INSERT 0 5
INSERT 0 5
INSERT 0 5
INSERT 0 5
INSERT 0 5
INSERT 0 5
INSERT 0 5
INSERT 0 5
INSERT 0 5
INSERT 0 5
INSERT 0 5
INSERT 0 5
INSERT 0 5
INSERT 0 5
INSERT 0 5
INSERT 0 5
INSERT 0 5
INSERT 0 5
INSERT 0 5
INSERT 0 5
INSERT 0 5
INSERT 0 5
INSERT 0 5
INSERT 0 5
INSERT 0 5
INSERT 0 5
INSERT 0 5
INSERT 0 5
INSERT 0 5
INSERT 0 5
UPDATE 220
DROP TABLE
DROP TABLE
CREATE TABLE
DROP TABLE
CREATE TABLE
COPY 21
INSERT 0 21
UPDATE 21
DROP TABLE
DROP TABLE
CREATE TABLE
DROP TABLE
CREATE TABLE
COPY 20
INSERT 0 20
UPDATE 20
DROP TABLE
DROP TABLE
CREATE TABLE
DROP TABLE
CREATE TABLE
COPY 12
INSERT 0 12
INSERT 0 12
INSERT 0 12
INSERT 0 12
INSERT 0 12
INSERT 0 12
INSERT 0 12
INSERT 0 12
INSERT 0 12
INSERT 0 12
INSERT 0 12
INSERT 0 12
INSERT 0 12
INSERT 0 12
INSERT 0 12
INSERT 0 12
INSERT 0 12
INSERT 0 12
INSERT 0 12
INSERT 0 12
UPDATE 24
UPDATE 216
DROP TABLE
DROP TABLE
CREATE TABLE
DROP TABLE
CREATE TABLE
COPY 11
INSERT 0 11
INSERT 0 11
INSERT 0 11
INSERT 0 11
INSERT 0 11
INSERT 0 11
INSERT 0 11
INSERT 0 11
INSERT 0 11
INSERT 0 11
INSERT 0 11
INSERT 0 11
INSERT 0 11
INSERT 0 11
INSERT 0 11
INSERT 0 11
INSERT 0 11
INSERT 0 11
INSERT 0 11
INSERT 0 11
INSERT 0 11
UPDATE 231
DROP TABLE
DROP TABLE
CREATE TABLE
DROP TABLE
CREATE TABLE
COPY 10
INSERT 0 10
UPDATE 10
DROP TABLE
DROP TABLE
CREATE TABLE
DROP TABLE
CREATE TABLE
COPY 67
INSERT 0 67
INSERT 0 67
INSERT 0 67
INSERT 0 67
INSERT 0 67
INSERT 0 67
INSERT 0 67
INSERT 0 67
INSERT 0 67
INSERT 0 67
INSERT 0 67
INSERT 0 67
INSERT 0 67
INSERT 0 67
INSERT 0 67
INSERT 0 67
INSERT 0 67
INSERT 0 67
INSERT 0 67
INSERT 0 67
UPDATE 1340
DROP TABLE
DROP TABLE
CREATE TABLE
DROP TABLE
CREATE TABLE
COPY 40
INSERT 0 40
INSERT 0 40
INSERT 0 40
INSERT 0 40
INSERT 0 40
INSERT 0 40
INSERT 0 40
INSERT 0 40
INSERT 0 40
INSERT 0 40
INSERT 0 40
INSERT 0 40
INSERT 0 40
INSERT 0 40
INSERT 0 40
INSERT 0 40
INSERT 0 40
INSERT 0 40
INSERT 0 40
INSERT 0 40
UPDATE 800
DROP TABLE
DROP TABLE
CREATE TABLE
DROP TABLE
CREATE TABLE
COPY 51
INSERT 0 51
INSERT 0 51
INSERT 0 51
INSERT 0 51
INSERT 0 51
INSERT 0 51
INSERT 0 51
INSERT 0 51
INSERT 0 51
INSERT 0 51
INSERT 0 51
INSERT 0 51
INSERT 0 51
INSERT 0 51
INSERT 0 51
INSERT 0 51
INSERT 0 51
INSERT 0 51
INSERT 0 51
INSERT 0 51
UPDATE 1020
ALTER TABLE
UPDATE 15
UPDATE 1
DROP TABLE
DROP TABLE
CREATE TABLE
DROP TABLE
CREATE TABLE
COPY 20
INSERT 0 20
UPDATE 20
DROP TABLE
DROP TABLE
CREATE TABLE
DROP TABLE
CREATE TABLE
COPY 14
INSERT 0 14
UPDATE 14
DROP TABLE
DROP TABLE
CREATE TABLE
DROP TABLE
CREATE TABLE
COPY 20
INSERT 0 20
UPDATE 20
DROP TABLE
DROP TABLE
CREATE TABLE
DROP TABLE
CREATE TABLE
COPY 13
INSERT 0 13
UPDATE 13
DROP TABLE
DROP TABLE
CREATE TABLE
DROP TABLE
CREATE TABLE
COPY 17
INSERT 0 17
UPDATE 17
DROP TABLE
DROP TABLE
CREATE TABLE
DROP TABLE
CREATE TABLE
COPY 12
INSERT 0 12
INSERT 0 12
INSERT 0 12
INSERT 0 12
INSERT 0 12
INSERT 0 12
INSERT 0 12
INSERT 0 12
INSERT 0 12
INSERT 0 12
INSERT 0 12
INSERT 0 12
INSERT 0 12
INSERT 0 12
INSERT 0 12
INSERT 0 12
INSERT 0 12
INSERT 0 12
INSERT 0 12
INSERT 0 12
UPDATE 240
DROP TABLE
DROP TABLE
CREATE TABLE
DROP TABLE
CREATE TABLE
COPY 50
INSERT 0 50
INSERT 0 50
INSERT 0 50
INSERT 0 50
INSERT 0 50
INSERT 0 50
INSERT 0 50
INSERT 0 50
INSERT 0 50
INSERT 0 50
INSERT 0 50
INSERT 0 50
INSERT 0 50
INSERT 0 50
INSERT 0 50
UPDATE 750
DROP TABLE
DROP TABLE
CREATE TABLE
DROP TABLE
CREATE TABLE
COPY 29
INSERT 0 29
INSERT 0 29
INSERT 0 29
INSERT 0 29
INSERT 0 29
INSERT 0 29
INSERT 0 29
INSERT 0 29
INSERT 0 29
INSERT 0 29
INSERT 0 29
INSERT 0 29
INSERT 0 29
INSERT 0 29
INSERT 0 29
INSERT 0 29
INSERT 0 29
INSERT 0 29
INSERT 0 29
INSERT 0 29
UPDATE 580
DROP TABLE
DROP TABLE
CREATE TABLE
DROP TABLE
CREATE TABLE
COPY 9
INSERT 0 9
UPDATE 9
ALTER TABLE
UPDATE 4
DROP TABLE
DROP TABLE
CREATE TABLE
DROP TABLE
CREATE TABLE
COPY 15
INSERT 0 15
INSERT 0 15
INSERT 0 15
INSERT 0 15
INSERT 0 15
INSERT 0 15
INSERT 0 15
INSERT 0 15
INSERT 0 15
INSERT 0 15
INSERT 0 15
INSERT 0 15
INSERT 0 15
INSERT 0 15
INSERT 0 15
INSERT 0 15
INSERT 0 15
INSERT 0 15
INSERT 0 15
INSERT 0 15
UPDATE 300
DROP TABLE
DROP TABLE
CREATE TABLE
DROP TABLE
CREATE TABLE
COPY 20
INSERT 0 20
UPDATE 20
DROP TABLE
