psql:Trends.sql:3: NOTICE:  table "trends_gen_fund_revenue_temp" does not exist, skipping
psql:Trends.sql:93: NOTICE:  table "trends_gen_fund_expenditure_temp" does not exist, skipping
psql:Trends.sql:183: NOTICE:  table "trends_capital_projects_temp" does not exist, skipping
psql:Trends.sql:272: NOTICE:  table "trends_ratios_outstanding_debt_temp" does not exist, skipping
psql:Trends.sql:341: NOTICE:  table "trends_property_tax_levies_temp" does not exist, skipping
psql:Trends.sql:397: NOTICE:  table "trends_personal_income_temp" does not exist, skipping
psql:Trends.sql:537: NOTICE:  table "trends_collection_cancellation_abatements_temp" does not exist, skipping
psql:Trends.sql:586: NOTICE:  table "trends_employment_status_of_resident_population_temp" does not exist, skipping
psql:Trends.sql:633: NOTICE:  table "trends_non_agricultural_wage_salary_employement_temp" does not exist, skipping
psql:Trends.sql:713: NOTICE:  table "trends_numberofcityemployees_temp" does not exist, skipping
psql:Trends.sql:796: NOTICE:  table "trends_new_york_city_educational_construction_temp" does not exist, skipping
psql:Trends.sql:844: NOTICE:  table "trends_changes_in_fund_balances_temp" does not exist, skipping
psql:Trends.sql:927: NOTICE:  table "trends_capital_assets_statistics_function_program_temp" does not exist, skipping
psql:Trends.sql:1008: NOTICE:  table "trends_assesed_valuation_tax_rate_class_temp" does not exist, skipping
psql:Trends.sql:1138: NOTICE:  table "trends_assesed_estimated_actual_taxable_property_temp" does not exist, skipping
psql:Trends.sql:1194: NOTICE:  table "trends_nyc_population_temp" does not exist, skipping
psql:Trends.sql:1232: NOTICE:  table "trends_property_tax_temp" does not exist, skipping
psql:Trends.sql:1269: NOTICE:  table "trends_person_receiving_pubic_assistance_temp" does not exist, skipping
psql:Trends.sql:1304: NOTICE:  table "trends_pledged_revenue_temp" does not exist, skipping
psql:Trends.sql:1358: NOTICE:  table "trends_uncollected_parking_violation_temp" does not exist, skipping
psql:Trends.sql:1436: NOTICE:  table "trends_changes_net_assets_temp" does not exist, skipping
psql:Trends.sql:1505: NOTICE:  table "trends_government_funds_temp" does not exist, skipping
psql:Trends.sql:1586: NOTICE:  table "trends_hudson_yards_infrastructure_temp" does not exist, skipping
psql:Trends.sql:1642: NOTICE:  table "trends_legal_debt_margin_temp" does not exist, skipping
psql:Trends.sql:1723: NOTICE:  table "trends_ratios_general_bonded_debt_outstanding_temp" does not exist, skipping
