DROP TABLE
CREATE TABLE
DROP TABLE
CREATE TABLE
COPY 120
INSERT 0 120
INSERT 0 120
INSERT 0 120
INSERT 0 120
INSERT 0 120
INSERT 0 120
INSERT 0 120
INSERT 0 120
INSERT 0 120
INSERT 0 120
INSERT 0 120
INSERT 0 120
INSERT 0 120
INSERT 0 120
INSERT 0 120
INSERT 0 120
INSERT 0 120
INSERT 0 120
INSERT 0 120
INSERT 0 120
UPDATE 2400
DROP TABLE
DROP TABLE
CREATE TABLE
DROP TABLE
CREATE TABLE
COPY 198
INSERT 0 198
INSERT 0 198
INSERT 0 198
INSERT 0 198
INSERT 0 198
INSERT 0 198
INSERT 0 198
INSERT 0 198
INSERT 0 198
INSERT 0 198
INSERT 0 198
INSERT 0 198
INSERT 0 198
INSERT 0 198
INSERT 0 198
INSERT 0 198
INSERT 0 198
INSERT 0 198
INSERT 0 198
INSERT 0 198
UPDATE 3960
DROP TABLE
DROP TABLE
CREATE TABLE
DROP TABLE
CREATE TABLE
COPY 43
INSERT 0 43
INSERT 0 43
INSERT 0 43
INSERT 0 43
INSERT 0 43
INSERT 0 43
INSERT 0 43
INSERT 0 43
INSERT 0 43
INSERT 0 43
INSERT 0 43
INSERT 0 43
INSERT 0 43
INSERT 0 43
INSERT 0 43
INSERT 0 43
INSERT 0 43
INSERT 0 43
INSERT 0 43
INSERT 0 43
UPDATE 860
DROP TABLE
DROP TABLE
CREATE TABLE
DROP TABLE
CREATE TABLE
COPY 19
INSERT 0 19
UPDATE 19
DROP TABLE
DROP TABLE
CREATE TABLE
DROP TABLE
CREATE TABLE
COPY 19
INSERT 0 19
UPDATE 19
DROP TABLE
DROP TABLE
CREATE TABLE
DROP TABLE
CREATE TABLE
COPY 5
INSERT 0 5
INSERT 0 5
INSERT 0 5
INSERT 0 5
INSERT 0 5
INSERT 0 5
INSERT 0 5
INSERT 0 5
INSERT 0 5
INSERT 0 5
INSERT 0 5
INSERT 0 5
INSERT 0 5
INSERT 0 5
INSERT 0 5
INSERT 0 5
INSERT 0 5
INSERT 0 5
INSERT 0 5
INSERT 0 5
INSERT 0 5
INSERT 0 5
INSERT 0 5
INSERT 0 5
INSERT 0 5
INSERT 0 5
INSERT 0 5
INSERT 0 5
INSERT 0 5
INSERT 0 5
INSERT 0 5
INSERT 0 5
INSERT 0 5
INSERT 0 5
INSERT 0 5
INSERT 0 5
INSERT 0 5
INSERT 0 5
INSERT 0 5
INSERT 0 5
INSERT 0 5
INSERT 0 5
INSERT 0 5
INSERT 0 5
UPDATE 220
DROP TABLE
DROP TABLE
CREATE TABLE
DROP TABLE
CREATE TABLE
COPY 20
INSERT 0 20
UPDATE 20
DROP TABLE
DROP TABLE
CREATE TABLE
DROP TABLE
CREATE TABLE
COPY 19
INSERT 0 19
UPDATE 19
DROP TABLE
DROP TABLE
CREATE TABLE
DROP TABLE
CREATE TABLE
COPY 12
INSERT 0 12
INSERT 0 12
INSERT 0 12
INSERT 0 12
INSERT 0 12
INSERT 0 12
INSERT 0 12
INSERT 0 12
INSERT 0 12
INSERT 0 12
INSERT 0 12
INSERT 0 12
INSERT 0 12
INSERT 0 12
INSERT 0 12
INSERT 0 12
INSERT 0 12
INSERT 0 12
INSERT 0 12
UPDATE 24
UPDATE 204
DROP TABLE
DROP TABLE
CREATE TABLE
DROP TABLE
CREATE TABLE
COPY 11
INSERT 0 11
INSERT 0 11
INSERT 0 11
INSERT 0 11
INSERT 0 11
INSERT 0 11
INSERT 0 11
INSERT 0 11
INSERT 0 11
INSERT 0 11
INSERT 0 11
INSERT 0 11
INSERT 0 11
INSERT 0 11
INSERT 0 11
INSERT 0 11
INSERT 0 11
INSERT 0 11
INSERT 0 11
INSERT 0 11
UPDATE 220
DROP TABLE
DROP TABLE
CREATE TABLE
DROP TABLE
CREATE TABLE
COPY 9
INSERT 0 9
UPDATE 9
DROP TABLE
DROP TABLE
CREATE TABLE
DROP TABLE
CREATE TABLE
COPY 67
INSERT 0 67
INSERT 0 67
INSERT 0 67
INSERT 0 67
INSERT 0 67
INSERT 0 67
INSERT 0 67
INSERT 0 67
INSERT 0 67
INSERT 0 67
INSERT 0 67
INSERT 0 67
INSERT 0 67
INSERT 0 67
INSERT 0 67
INSERT 0 67
INSERT 0 67
INSERT 0 67
INSERT 0 67
UPDATE 1273
DROP TABLE
DROP TABLE
CREATE TABLE
DROP TABLE
CREATE TABLE
COPY 40
INSERT 0 40
INSERT 0 40
INSERT 0 40
INSERT 0 40
INSERT 0 40
INSERT 0 40
INSERT 0 40
INSERT 0 40
INSERT 0 40
INSERT 0 40
INSERT 0 40
INSERT 0 40
INSERT 0 40
INSERT 0 40
INSERT 0 40
INSERT 0 40
INSERT 0 40
INSERT 0 40
INSERT 0 40
UPDATE 760
DROP TABLE
DROP TABLE
CREATE TABLE
DROP TABLE
CREATE TABLE
COPY 41
INSERT 0 41
INSERT 0 41
INSERT 0 41
INSERT 0 41
INSERT 0 41
INSERT 0 41
INSERT 0 41
INSERT 0 41
INSERT 0 41
INSERT 0 41
INSERT 0 41
INSERT 0 41
INSERT 0 41
INSERT 0 41
INSERT 0 41
INSERT 0 41
INSERT 0 41
INSERT 0 41
INSERT 0 41
UPDATE 779
ALTER TABLE
UPDATE 15
UPDATE 1
DROP TABLE
DROP TABLE
CREATE TABLE
DROP TABLE
CREATE TABLE
COPY 19
INSERT 0 19
UPDATE 19
DROP TABLE
DROP TABLE
CREATE TABLE
DROP TABLE
CREATE TABLE
COPY 13
INSERT 0 13
UPDATE 13
DROP TABLE
DROP TABLE
CREATE TABLE
DROP TABLE
CREATE TABLE
COPY 19
INSERT 0 19
UPDATE 19
DROP TABLE
DROP TABLE
CREATE TABLE
DROP TABLE
CREATE TABLE
COPY 12
INSERT 0 12
UPDATE 12
DROP TABLE
DROP TABLE
CREATE TABLE
DROP TABLE
CREATE TABLE
COPY 16
INSERT 0 16
UPDATE 16
DROP TABLE
DROP TABLE
CREATE TABLE
DROP TABLE
CREATE TABLE
COPY 12
INSERT 0 12
INSERT 0 12
INSERT 0 12
INSERT 0 12
INSERT 0 12
INSERT 0 12
INSERT 0 12
INSERT 0 12
INSERT 0 12
INSERT 0 12
INSERT 0 12
INSERT 0 12
INSERT 0 12
INSERT 0 12
INSERT 0 12
INSERT 0 12
INSERT 0 12
INSERT 0 12
INSERT 0 12
UPDATE 228
DROP TABLE
DROP TABLE
CREATE TABLE
DROP TABLE
CREATE TABLE
COPY 50
INSERT 0 50
INSERT 0 50
INSERT 0 50
INSERT 0 50
INSERT 0 50
INSERT 0 50
INSERT 0 50
INSERT 0 50
INSERT 0 50
INSERT 0 50
INSERT 0 50
INSERT 0 50
INSERT 0 50
INSERT 0 50
UPDATE 700
DROP TABLE
DROP TABLE
CREATE TABLE
DROP TABLE
CREATE TABLE
COPY 29
INSERT 0 29
INSERT 0 29
INSERT 0 29
INSERT 0 29
INSERT 0 29
INSERT 0 29
INSERT 0 29
INSERT 0 29
INSERT 0 29
INSERT 0 29
INSERT 0 29
INSERT 0 29
INSERT 0 29
INSERT 0 29
INSERT 0 29
INSERT 0 29
INSERT 0 29
INSERT 0 29
INSERT 0 29
UPDATE 551
DROP TABLE
DROP TABLE
CREATE TABLE
DROP TABLE
CREATE TABLE
COPY 8
INSERT 0 8
UPDATE 8
ALTER TABLE
UPDATE 4
DROP TABLE
DROP TABLE
CREATE TABLE
DROP TABLE
CREATE TABLE
COPY 15
INSERT 0 15
INSERT 0 15
INSERT 0 15
INSERT 0 15
INSERT 0 15
INSERT 0 15
INSERT 0 15
INSERT 0 15
INSERT 0 15
INSERT 0 15
INSERT 0 15
INSERT 0 15
INSERT 0 15
INSERT 0 15
INSERT 0 15
INSERT 0 15
INSERT 0 15
INSERT 0 15
INSERT 0 15
UPDATE 285
DROP TABLE
DROP TABLE
CREATE TABLE
DROP TABLE
CREATE TABLE
COPY 19
INSERT 0 19
UPDATE 19
DROP TABLE
